<?xml version="1.0" encoding="UTF-8"?>
<!-- Generated by org.testng.reporters.JUnitReportReporter -->
<testsuite hostname="MSI" failures="0" tests="2" name="TestNG.invalidLogin" time="0.692" errors="0" timestamp="2025-03-06T14:26:29 IST" skipped="0">
  <testcase classname="TestNG.invalidLogin" name="TestLogin1" time="0.420"/>
  <system-out/>
  <testcase classname="TestNG.invalidLogin" name="TestLogin2" time="0.272"/>
  <system-out/>
</testsuite> <!-- TestNG.invalidLogin -->
