<?xml version="1.0" encoding="UTF-8"?>
<!-- Generated by org.testng.reporters.JUnitReportReporter -->
<testsuite hostname="MSI" failures="0" tests="2" name="FrameWorkDesign.ErrorValidations" time="21.941" errors="0" timestamp="2025-04-14T12:57:18 IST" skipped="0">
  <testcase classname="FrameWorkDesign.ErrorValidations" name="LoginErrorValidate" time="6.015"/>
  <system-out/>
  <testcase classname="FrameWorkDesign.ErrorValidations" name="ProductErrorValidate" time="15.926"/>
  <system-out/>
</testsuite> <!-- FrameWorkDesign.ErrorValidations -->
