<?xml version="1.0" encoding="UTF-8"?>
<!-- Generated by org.testng.reporters.JUnitReportReporter -->
<testsuite hostname="MSI" failures="0" tests="1" name="FrameWorkDesign.ExtentReports.ExtentReportDemo" time="10.545" errors="0" timestamp="2025-04-12T09:38:24 IST" skipped="0">
  <testcase classname="FrameWorkDesign.ExtentReports.ExtentReportDemo" name="IntialDemo" time="10.545"/>
  <system-out/>
</testsuite> <!-- FrameWorkDesign.ExtentReports.ExtentReportDemo -->
