<?xml version="1.0" encoding="UTF-8"?>
<!-- Generated by org.testng.reporters.JUnitReportReporter -->
<testsuite hostname="MSI" failures="0" tests="2" name="TestNG.loginAlertLogout" time="1.036" errors="0" timestamp="2025-03-04T23:35:58 IST" skipped="0">
  <testcase classname="TestNG.loginAlertLogout" name="login" time="1.015"/>
  <system-out/>
  <testcase classname="TestNG.loginAlertLogout" name="logout" time="0.021"/>
  <system-out/>
</testsuite> <!-- TestNG.loginAlertLogout -->
