<?xml version="1.0" encoding="UTF-8"?>
<!-- Generated by org.testng.reporters.JUnitReportReporter -->
<testsuite hostname="MSI" failures="0" tests="2" name="FrameWorkDesign.OrderaProduct" time="37.666" errors="0" timestamp="2025-04-15T11:20:34 IST" skipped="0">
  <testcase classname="FrameWorkDesign.OrderaProduct" name="orderaprod" time="18.485"/>
  <system-out/>
  <testcase classname="FrameWorkDesign.OrderaProduct" name="orderaprod" time="19.181"/>
  <system-out/>
</testsuite> <!-- FrameWorkDesign.OrderaProduct -->
