<?xml version="1.0" encoding="UTF-8"?>
<!-- Generated by org.testng.reporters.JUnitReportReporter -->
<testsuite hostname="MSI" failures="0" tests="1" name="TestNG.LoginLogout" time="1.034" errors="0" timestamp="2025-03-13T18:55:16 IST" skipped="0">
  <testcase classname="TestNG.LoginLogout" name="TestLogin" time="1.034"/>
  <system-out/>
</testsuite> <!-- TestNG.LoginLogout -->
