<?xml version="1.0" encoding="UTF-8"?>
<!-- Generated by org.testng.reporters.JUnitReportReporter -->
<testsuite hostname="MSI" failures="0" tests="1" name="cucumber.TestNGTestRunner" time="19.555" errors="0" timestamp="2025-04-15T17:30:41 IST" skipped="0">
  <testcase classname="cucumber.TestNGTestRunner" name="runScenario" time="19.555"/>
</testsuite> <!-- cucumber.TestNGTestRunner -->
