<?xml version="1.0" encoding="UTF-8"?>
<!-- Generated by org.testng.reporters.JUnitReportReporter -->
<testsuite hostname="MSI" failures="0" tests="3" name="FrameWorkDesign.OrderaProduct" time="51.247" errors="0" timestamp="2025-04-15T12:30:58 IST" skipped="0">
  <testcase classname="FrameWorkDesign.OrderaProduct" name="orderaprod" time="19.977"/>
  <testcase classname="FrameWorkDesign.OrderaProduct" name="OrderHistory" time="7.971"/>
  <testcase classname="FrameWorkDesign.OrderaProduct" name="orderaprod" time="23.299"/>
</testsuite> <!-- FrameWorkDesign.OrderaProduct -->
