<?xml version="1.0" encoding="UTF-8"?>
<!-- Generated by org.testng.reporters.JUnitReportReporter -->
<testsuite hostname="MSI" failures="0" tests="2" name="FrameWorkDesign.ErrorValidations" time="27.556" errors="0" timestamp="2025-04-15T12:30:58 IST" skipped="0">
  <testcase classname="FrameWorkDesign.ErrorValidations" name="LoginErrorValidate" time="9.589"/>
  <testcase classname="FrameWorkDesign.ErrorValidations" name="ProductErrorValidate" time="17.967"/>
</testsuite> <!-- FrameWorkDesign.ErrorValidations -->
